# JRE version: OpenJDK Runtime Environment (17.0.6) (build 17.0.6+0-b2043.56-10027231)
# Java VM: OpenJDK 64-Bit Server VM (17.0.6+0-b2043.56-10027231, mixed mode, tiered, compressed oops, compressed class ptrs, g1 gc, windows-amd64)
GC Precious Log:
 CPUs: 8 total, 8 available
 Memory: 14284M
 Large Page Support: Disabled
 NUMA Support: Disabled
 Compressed Oops: Enabled (32-bit)
 Heap Region Size: 1M
 Heap Min Capacity: 8M
 Heap Initial Capacity: 224M
 Heap Max Capacity: 2G
 Pre-touch: Disabled
 Parallel Workers: 8
 Concurrent Workers: 2
 Concurrent Refinement Workers: 8
 Periodic GC: Disabled
Heap:
 garbage-first heap   total 291840K, used 173339K [0x0000000080000000, 0x0000000100000000)
  region size 1024K, 8 young (8192K), 8 survivors (8192K)
 Metaspace       used 117406K, committed 118400K, reserved 1155072K
  class space    used 15671K, committed 16192K, reserved 1048576K
GC Heap History (20 events):
Event: 86.259 GC heap after
{Heap after GC invocations=53 (full 0):
 garbage-first heap   total 251904K, used 148519K [0x0000000080000000, 0x0000000100000000)
  region size 1024K, 1 young (1024K), 1 survivors (1024K)
 Metaspace       used 97050K, committed 97920K, reserved 1138688K
  class space    used 13150K, committed 13568K, reserved 1048576K
}
Event: 86.380 GC heap before
{Heap before GC invocations=53 (full 0):
 garbage-first heap   total 251904K, used 156711K [0x0000000080000000, 0x0000000100000000)
  region size 1024K, 10 young (10240K), 1 survivors (1024K)
 Metaspace       used 97838K, committed 98688K, reserved 1138688K
  class space    used 13229K, committed 13632K, reserved 1048576K
}
Event: 86.382 GC heap after
{Heap after GC invocations=54 (full 0):
 garbage-first heap   total 251904K, used 149024K [0x0000000080000000, 0x0000000100000000)
  region size 1024K, 2 young (2048K), 2 survivors (2048K)
 Metaspace       used 97838K, committed 98688K, reserved 1138688K
  class space    used 13229K, committed 13632K, reserved 1048576K
}
Event: 87.271 GC heap before
{Heap before GC invocations=55 (full 0):
 garbage-first heap   total 260096K, used 203296K [0x0000000080000000, 0x0000000100000000)
  region size 1024K, 54 young (55296K), 2 survivors (2048K)
 Metaspace       used 106036K, committed 106880K, reserved 1146880K
  class space    used 14354K, committed 14784K, reserved 1048576K
}
Event: 87.274 GC heap after
{Heap after GC invocations=56 (full 0):
 garbage-first heap   total 260096K, used 151318K [0x0000000080000000, 0x0000000100000000)
  region size 1024K, 4 young (4096K), 4 survivors (4096K)
 Metaspace       used 106036K, committed 106880K, reserved 1146880K
  class space    used 14354K, committed 14784K, reserved 1048576K
}
Event: 87.388 GC heap before
{Heap before GC invocations=56 (full 0):
 garbage-first heap   total 260096K, used 159510K [0x0000000080000000, 0x0000000100000000)
  region size 1024K, 12 young (12288K), 4 survivors (4096K)
 Metaspace       used 106830K, committed 107648K, reserved 1146880K
  class space    used 14483K, committed 14848K, reserved 1048576K
}
Event: 87.392 GC heap after
{Heap after GC invocations=57 (full 0):
 garbage-first heap   total 260096K, used 152130K [0x0000000080000000, 0x0000000100000000)
  region size 1024K, 2 young (2048K), 2 survivors (2048K)
 Metaspace       used 106830K, committed 107648K, reserved 1146880K
  class space    used 14483K, committed 14848K, reserved 1048576K
}
Event: 87.534 GC heap before
{Heap before GC invocations=57 (full 0):
 garbage-first heap   total 260096K, used 164418K [0x0000000080000000, 0x0000000100000000)
  region size 1024K, 15 young (15360K), 2 survivors (2048K)
 Metaspace       used 108845K, committed 109696K, reserved 1146880K
  class space    used 14701K, committed 15104K, reserved 1048576K
}
Event: 87.536 GC heap after
{Heap after GC invocations=58 (full 0):
 garbage-first heap   total 260096K, used 152874K [0x0000000080000000, 0x0000000100000000)
  region size 1024K, 3 young (3072K), 3 survivors (3072K)
 Metaspace       used 108845K, committed 109696K, reserved 1146880K
  class space    used 14701K, committed 15104K, reserved 1048576K
}
Event: 88.152 GC heap before
{Heap before GC invocations=59 (full 0):
 garbage-first heap   total 265216K, used 211242K [0x0000000080000000, 0x0000000100000000)
  region size 1024K, 60 young (61440K), 3 survivors (3072K)
 Metaspace       used 110460K, committed 111360K, reserved 1146880K
  class space    used 14820K, committed 15232K, reserved 1048576K
}
Event: 88.159 GC heap after
{Heap after GC invocations=60 (full 0):
 garbage-first heap   total 265216K, used 157715K [0x0000000080000000, 0x0000000100000000)
  region size 1024K, 8 young (8192K), 8 survivors (8192K)
 Metaspace       used 110460K, committed 111360K, reserved 1146880K
  class space    used 14820K, committed 15232K, reserved 1048576K
}
Event: 88.184 GC heap before
{Heap before GC invocations=60 (full 0):
 garbage-first heap   total 265216K, used 160787K [0x0000000080000000, 0x0000000100000000)
  region size 1024K, 12 young (12288K), 8 survivors (8192K)
 Metaspace       used 110496K, committed 111360K, reserved 1146880K
  class space    used 14820K, committed 15232K, reserved 1048576K
}
Event: 88.190 GC heap after
{Heap after GC invocations=61 (full 0):
 garbage-first heap   total 265216K, used 158336K [0x0000000080000000, 0x0000000100000000)
  region size 1024K, 1 young (1024K), 1 survivors (1024K)
 Metaspace       used 110496K, committed 111360K, reserved 1146880K
  class space    used 14820K, committed 15232K, reserved 1048576K
}
Event: 88.632 GC heap before
{Heap before GC invocations=61 (full 0):
 garbage-first heap   total 265216K, used 218752K [0x0000000080000000, 0x0000000100000000)
  region size 1024K, 61 young (62464K), 1 survivors (1024K)
 Metaspace       used 111172K, committed 112064K, reserved 1146880K
  class space    used 14883K, committed 15296K, reserved 1048576K
}
Event: 88.637 GC heap after
{Heap after GC invocations=62 (full 0):
 garbage-first heap   total 265216K, used 163653K [0x0000000080000000, 0x0000000100000000)
  region size 1024K, 7 young (7168K), 7 survivors (7168K)
 Metaspace       used 111172K, committed 112064K, reserved 1146880K
  class space    used 14883K, committed 15296K, reserved 1048576K
}
Event: 89.182 GC heap before
{Heap before GC invocations=63 (full 0):
 garbage-first heap   total 291840K, used 216901K [0x0000000080000000, 0x0000000100000000)
  region size 1024K, 59 young (60416K), 7 survivors (7168K)
 Metaspace       used 112529K, committed 113408K, reserved 1155072K
  class space    used 15039K, committed 15488K, reserved 1048576K
}
Event: 89.190 GC heap after
{Heap after GC invocations=64 (full 0):
 garbage-first heap   total 291840K, used 166878K [0x0000000080000000, 0x0000000100000000)
  region size 1024K, 5 young (5120K), 5 survivors (5120K)
 Metaspace       used 112529K, committed 113408K, reserved 1155072K
  class space    used 15039K, committed 15488K, reserved 1048576K
}
Event: 89.247 GC heap before
{Heap before GC invocations=64 (full 0):
 garbage-first heap   total 291840K, used 176094K [0x0000000080000000, 0x0000000100000000)
  region size 1024K, 14 young (14336K), 5 survivors (5120K)
 Metaspace       used 112749K, committed 113600K, reserved 1155072K
  class space    used 15080K, committed 15488K, reserved 1048576K
}
Event: 89.252 GC heap after
{Heap after GC invocations=65 (full 0):
 garbage-first heap   total 291840K, used 166832K [0x0000000080000000, 0x0000000100000000)
  region size 1024K, 1 young (1024K), 1 survivors (1024K)
 Metaspace       used 112749K, committed 113600K, reserved 1155072K
  class space    used 15080K, committed 15488K, reserved 1048576K
}
Event: 90.054 GC heap before
{Heap before GC invocations=65 (full 0):
 garbage-first heap   total 291840K, used 240560K [0x0000000080000000, 0x0000000100000000)
  region size 1024K, 74 young (75776K), 1 survivors (1024K)
 Metaspace       used 117406K, committed 118400K, reserved 1155072K
  class space    used 15671K, committed 16192K, reserved 1048576K
}

