# JRE version: OpenJDK Runtime Environment (17.0.6) (build 17.0.6+0-b2043.56-10027231)
# Java VM: OpenJDK 64-Bit Server VM (17.0.6+0-b2043.56-10027231, mixed mode, tiered, compressed oops, compressed class ptrs, g1 gc, windows-amd64)
GC Precious Log:
 CPUs: 8 total, 8 available
 Memory: 14284M
 Large Page Support: Disabled
 NUMA Support: Disabled
 Compressed Oops: Enabled (32-bit)
 Heap Region Size: 1M
 Heap Min Capacity: 8M
 Heap Initial Capacity: 224M
 Heap Max Capacity: 2G
 Pre-touch: Disabled
 Parallel Workers: 8
 Concurrent Workers: 2
 Concurrent Refinement Workers: 8
 Periodic GC: Disabled
Heap:
 garbage-first heap   total 334848K, used 214092K [0x0000000080000000, 0x0000000100000000)
  region size 1024K, 10 young (10240K), 10 survivors (10240K)
 Metaspace       used 112837K, committed 113600K, reserved 1146880K
  class space    used 15687K, committed 16000K, reserved 1048576K
GC Heap History (20 events):
Event: 13.019 GC heap after
{Heap after GC invocations=41 (full 0):
 garbage-first heap   total 246784K, used 96905K [0x0000000080000000, 0x0000000100000000)
  region size 1024K, 7 young (7168K), 7 survivors (7168K)
 Metaspace       used 95906K, committed 96640K, reserved 1138688K
  class space    used 13077K, committed 13376K, reserved 1048576K
}
Event: 13.828 GC heap before
{Heap before GC invocations=41 (full 0):
 garbage-first heap   total 246784K, used 193161K [0x0000000080000000, 0x0000000100000000)
  region size 1024K, 102 young (104448K), 7 survivors (7168K)
 Metaspace       used 96535K, committed 97280K, reserved 1138688K
  class space    used 13148K, committed 13504K, reserved 1048576K
}
Event: 13.836 GC heap after
{Heap after GC invocations=42 (full 0):
 garbage-first heap   total 246784K, used 102319K [0x0000000080000000, 0x0000000100000000)
  region size 1024K, 12 young (12288K), 12 survivors (12288K)
 Metaspace       used 96535K, committed 97280K, reserved 1138688K
  class space    used 13148K, committed 13504K, reserved 1048576K
}
Event: 14.231 GC heap before
{Heap before GC invocations=42 (full 0):
 garbage-first heap   total 246784K, used 199599K [0x0000000080000000, 0x0000000100000000)
  region size 1024K, 106 young (108544K), 12 survivors (12288K)
 Metaspace       used 99412K, committed 100160K, reserved 1138688K
  class space    used 13590K, committed 13952K, reserved 1048576K
}
Event: 14.244 GC heap after
{Heap after GC invocations=43 (full 0):
 garbage-first heap   total 246784K, used 124248K [0x0000000080000000, 0x0000000100000000)
  region size 1024K, 14 young (14336K), 14 survivors (14336K)
 Metaspace       used 99412K, committed 100160K, reserved 1138688K
  class space    used 13590K, committed 13952K, reserved 1048576K
}
Event: 14.626 GC heap before
{Heap before GC invocations=43 (full 0):
 garbage-first heap   total 246784K, used 191832K [0x0000000080000000, 0x0000000100000000)
  region size 1024K, 80 young (81920K), 14 survivors (14336K)
 Metaspace       used 102544K, committed 103232K, reserved 1138688K
  class space    used 14058K, committed 14400K, reserved 1048576K
}
Event: 14.643 GC heap after
{Heap after GC invocations=44 (full 0):
 garbage-first heap   total 246784K, used 137922K [0x0000000080000000, 0x0000000100000000)
  region size 1024K, 10 young (10240K), 10 survivors (10240K)
 Metaspace       used 102544K, committed 103232K, reserved 1138688K
  class space    used 14058K, committed 14400K, reserved 1048576K
}
Event: 14.999 GC heap before
{Heap before GC invocations=44 (full 0):
 garbage-first heap   total 246784K, used 195266K [0x0000000080000000, 0x0000000100000000)
  region size 1024K, 66 young (67584K), 10 survivors (10240K)
 Metaspace       used 104765K, committed 105536K, reserved 1146880K
  class space    used 14356K, committed 14720K, reserved 1048576K
}
Event: 15.018 GC heap after
{Heap after GC invocations=45 (full 0):
 garbage-first heap   total 246784K, used 147160K [0x0000000080000000, 0x0000000100000000)
  region size 1024K, 9 young (9216K), 9 survivors (9216K)
 Metaspace       used 104765K, committed 105536K, reserved 1146880K
  class space    used 14356K, committed 14720K, reserved 1048576K
}
Event: 15.300 GC heap before
{Heap before GC invocations=45 (full 0):
 garbage-first heap   total 246784K, used 196312K [0x0000000080000000, 0x0000000100000000)
  region size 1024K, 58 young (59392K), 9 survivors (9216K)
 Metaspace       used 105876K, committed 106624K, reserved 1146880K
  class space    used 14535K, committed 14848K, reserved 1048576K
}
Event: 15.317 GC heap after
{Heap after GC invocations=46 (full 0):
 garbage-first heap   total 246784K, used 156153K [0x0000000080000000, 0x0000000100000000)
  region size 1024K, 8 young (8192K), 8 survivors (8192K)
 Metaspace       used 105876K, committed 106624K, reserved 1146880K
  class space    used 14535K, committed 14848K, reserved 1048576K
}
Event: 15.450 GC heap before
{Heap before GC invocations=46 (full 0):
 garbage-first heap   total 246784K, used 200185K [0x0000000080000000, 0x0000000100000000)
  region size 1024K, 51 young (52224K), 8 survivors (8192K)
 Metaspace       used 106597K, committed 107392K, reserved 1146880K
  class space    used 14679K, committed 15040K, reserved 1048576K
}
Event: 15.463 GC heap after
{Heap after GC invocations=47 (full 0):
 garbage-first heap   total 334848K, used 164309K [0x0000000080000000, 0x0000000100000000)
  region size 1024K, 7 young (7168K), 7 survivors (7168K)
 Metaspace       used 106597K, committed 107392K, reserved 1146880K
  class space    used 14679K, committed 15040K, reserved 1048576K
}
Event: 15.679 GC heap before
{Heap before GC invocations=47 (full 0):
 garbage-first heap   total 334848K, used 260565K [0x0000000080000000, 0x0000000100000000)
  region size 1024K, 102 young (104448K), 7 survivors (7168K)
 Metaspace       used 108488K, committed 109184K, reserved 1146880K
  class space    used 14983K, committed 15296K, reserved 1048576K
}
Event: 15.697 GC heap after
{Heap after GC invocations=48 (full 0):
 garbage-first heap   total 334848K, used 179623K [0x0000000080000000, 0x0000000100000000)
  region size 1024K, 13 young (13312K), 13 survivors (13312K)
 Metaspace       used 108488K, committed 109184K, reserved 1146880K
  class space    used 14983K, committed 15296K, reserved 1048576K
}
Event: 15.969 GC heap before
{Heap before GC invocations=48 (full 0):
 garbage-first heap   total 334848K, used 264615K [0x0000000080000000, 0x0000000100000000)
  region size 1024K, 97 young (99328K), 13 survivors (13312K)
 Metaspace       used 111224K, committed 112000K, reserved 1146880K
  class space    used 15453K, committed 15808K, reserved 1048576K
}
Event: 15.985 GC heap after
{Heap after GC invocations=49 (full 0):
 garbage-first heap   total 334848K, used 192489K [0x0000000080000000, 0x0000000100000000)
  region size 1024K, 12 young (12288K), 12 survivors (12288K)
 Metaspace       used 111224K, committed 112000K, reserved 1146880K
  class space    used 15453K, committed 15808K, reserved 1048576K
}
Event: 16.180 GC heap before
{Heap before GC invocations=49 (full 0):
 garbage-first heap   total 334848K, used 269289K [0x0000000080000000, 0x0000000100000000)
  region size 1024K, 88 young (90112K), 12 survivors (12288K)
 Metaspace       used 112651K, committed 113408K, reserved 1146880K
  class space    used 15672K, committed 16000K, reserved 1048576K
}
Event: 16.197 GC heap after
{Heap after GC invocations=50 (full 0):
 garbage-first heap   total 334848K, used 203776K [0x0000000080000000, 0x0000000100000000)
  region size 1024K, 11 young (11264K), 11 survivors (11264K)
 Metaspace       used 112651K, committed 113408K, reserved 1146880K
  class space    used 15672K, committed 16000K, reserved 1048576K
}
Event: 16.381 GC heap before
{Heap before GC invocations=50 (full 0):
 garbage-first heap   total 334848K, used 274432K [0x0000000080000000, 0x0000000100000000)
  region size 1024K, 80 young (81920K), 11 survivors (11264K)
 Metaspace       used 112837K, committed 113600K, reserved 1146880K
  class space    used 15687K, committed 16000K, reserved 1048576K
}

