# JRE version: OpenJDK Runtime Environment (17.0.6) (build 17.0.6+0-b2043.56-10027231)
# Java VM: OpenJDK 64-Bit Server VM (17.0.6+0-b2043.56-10027231, mixed mode, tiered, compressed oops, compressed class ptrs, g1 gc, windows-amd64)
GC Precious Log:
 CPUs: 8 total, 8 available
 Memory: 14284M
 Large Page Support: Disabled
 NUMA Support: Disabled
 Compressed Oops: Enabled (32-bit)
 Heap Region Size: 1M
 Heap Min Capacity: 8M
 Heap Initial Capacity: 224M
 Heap Max Capacity: 2G
 Pre-touch: Disabled
 Parallel Workers: 8
 Concurrent Workers: 2
 Concurrent Refinement Workers: 8
 Periodic GC: Disabled
Heap:
 garbage-first heap   total 296960K, used 187014K [0x0000000080000000, 0x0000000100000000)
  region size 1024K, 10 young (10240K), 10 survivors (10240K)
 Metaspace       used 108274K, committed 109056K, reserved 1146880K
  class space    used 14989K, committed 15360K, reserved 1048576K
GC Heap History (20 events):
Event: 11.603 GC heap after
{Heap after GC invocations=26 (full 0):
 garbage-first heap   total 157696K, used 91868K [0x0000000080000000, 0x0000000100000000)
  region size 1024K, 1 young (1024K), 1 survivors (1024K)
 Metaspace       used 93389K, committed 94016K, reserved 1130496K
  class space    used 12791K, committed 13056K, reserved 1048576K
}
Event: 12.073 GC heap before
{Heap before GC invocations=26 (full 0):
 garbage-first heap   total 157696K, used 127708K [0x0000000080000000, 0x0000000100000000)
  region size 1024K, 37 young (37888K), 1 survivors (1024K)
 Metaspace       used 94342K, committed 95040K, reserved 1130496K
  class space    used 12960K, committed 13312K, reserved 1048576K
}
Event: 12.078 GC heap after
{Heap after GC invocations=27 (full 0):
 garbage-first heap   total 157696K, used 94735K [0x0000000080000000, 0x0000000100000000)
  region size 1024K, 4 young (4096K), 4 survivors (4096K)
 Metaspace       used 94342K, committed 95040K, reserved 1130496K
  class space    used 12960K, committed 13312K, reserved 1048576K
}
Event: 12.420 GC heap before
{Heap before GC invocations=28 (full 0):
 garbage-first heap   total 171008K, used 128527K [0x0000000080000000, 0x0000000100000000)
  region size 1024K, 38 young (38912K), 4 survivors (4096K)
 Metaspace       used 94585K, committed 95296K, reserved 1138688K
  class space    used 12960K, committed 13312K, reserved 1048576K
}
Event: 12.425 GC heap after
{Heap after GC invocations=29 (full 0):
 garbage-first heap   total 171008K, used 96867K [0x0000000080000000, 0x0000000100000000)
  region size 1024K, 3 young (3072K), 3 survivors (3072K)
 Metaspace       used 94585K, committed 95296K, reserved 1138688K
  class space    used 12960K, committed 13312K, reserved 1048576K
}
Event: 12.468 GC heap before
{Heap before GC invocations=29 (full 0):
 garbage-first heap   total 171008K, used 101987K [0x0000000080000000, 0x0000000100000000)
  region size 1024K, 8 young (8192K), 3 survivors (3072K)
 Metaspace       used 94620K, committed 95360K, reserved 1138688K
  class space    used 12960K, committed 13312K, reserved 1048576K
}
Event: 12.470 GC heap after
{Heap after GC invocations=30 (full 0):
 garbage-first heap   total 171008K, used 97002K [0x0000000080000000, 0x0000000100000000)
  region size 1024K, 1 young (1024K), 1 survivors (1024K)
 Metaspace       used 94620K, committed 95360K, reserved 1138688K
  class space    used 12960K, committed 13312K, reserved 1048576K
}
Event: 12.882 GC heap before
{Heap before GC invocations=30 (full 0):
 garbage-first heap   total 171008K, used 140010K [0x0000000080000000, 0x0000000100000000)
  region size 1024K, 43 young (44032K), 1 survivors (1024K)
 Metaspace       used 96176K, committed 96960K, reserved 1138688K
  class space    used 13121K, committed 13504K, reserved 1048576K
}
Event: 12.886 GC heap after
{Heap after GC invocations=31 (full 0):
 garbage-first heap   total 296960K, used 99817K [0x0000000080000000, 0x0000000100000000)
  region size 1024K, 4 young (4096K), 4 survivors (4096K)
 Metaspace       used 96176K, committed 96960K, reserved 1138688K
  class space    used 13121K, committed 13504K, reserved 1048576K
}
Event: 13.680 GC heap before
{Heap before GC invocations=31 (full 0):
 garbage-first heap   total 296960K, used 223721K [0x0000000080000000, 0x0000000100000000)
  region size 1024K, 126 young (129024K), 4 survivors (4096K)
 Metaspace       used 97870K, committed 98560K, reserved 1138688K
  class space    used 13354K, committed 13696K, reserved 1048576K
}
Event: 13.693 GC heap after
{Heap after GC invocations=32 (full 0):
 garbage-first heap   total 296960K, used 110288K [0x0000000080000000, 0x0000000100000000)
  region size 1024K, 14 young (14336K), 14 survivors (14336K)
 Metaspace       used 97870K, committed 98560K, reserved 1138688K
  class space    used 13354K, committed 13696K, reserved 1048576K
}
Event: 14.256 GC heap before
{Heap before GC invocations=32 (full 0):
 garbage-first heap   total 296960K, used 232144K [0x0000000080000000, 0x0000000100000000)
  region size 1024K, 132 young (135168K), 14 survivors (14336K)
 Metaspace       used 102086K, committed 102848K, reserved 1138688K
  class space    used 13981K, committed 14336K, reserved 1048576K
}
Event: 14.278 GC heap after
{Heap after GC invocations=33 (full 0):
 garbage-first heap   total 296960K, used 137422K [0x0000000080000000, 0x0000000100000000)
  region size 1024K, 17 young (17408K), 17 survivors (17408K)
 Metaspace       used 102086K, committed 102848K, reserved 1138688K
  class space    used 13981K, committed 14336K, reserved 1048576K
}
Event: 14.577 GC heap before
{Heap before GC invocations=33 (full 0):
 garbage-first heap   total 296960K, used 228558K [0x0000000080000000, 0x0000000100000000)
  region size 1024K, 106 young (108544K), 17 survivors (17408K)
 Metaspace       used 104571K, committed 105344K, reserved 1146880K
  class space    used 14332K, committed 14720K, reserved 1048576K
}
Event: 14.594 GC heap after
{Heap after GC invocations=34 (full 0):
 garbage-first heap   total 296960K, used 148733K [0x0000000080000000, 0x0000000100000000)
  region size 1024K, 14 young (14336K), 14 survivors (14336K)
 Metaspace       used 104571K, committed 105344K, reserved 1146880K
  class space    used 14332K, committed 14720K, reserved 1048576K
}
Event: 14.745 GC heap before
{Heap before GC invocations=34 (full 0):
 garbage-first heap   total 296960K, used 230653K [0x0000000080000000, 0x0000000100000000)
  region size 1024K, 94 young (96256K), 14 survivors (14336K)
 Metaspace       used 106087K, committed 106880K, reserved 1146880K
  class space    used 14586K, committed 14976K, reserved 1048576K
}
Event: 14.763 GC heap after
{Heap after GC invocations=35 (full 0):
 garbage-first heap   total 296960K, used 162816K [0x0000000080000000, 0x0000000100000000)
  region size 1024K, 12 young (12288K), 12 survivors (12288K)
 Metaspace       used 106087K, committed 106880K, reserved 1146880K
  class space    used 14586K, committed 14976K, reserved 1048576K
}
Event: 14.881 GC heap before
{Heap before GC invocations=35 (full 0):
 garbage-first heap   total 296960K, used 235520K [0x0000000080000000, 0x0000000100000000)
  region size 1024K, 84 young (86016K), 12 survivors (12288K)
 Metaspace       used 106900K, committed 107648K, reserved 1146880K
  class space    used 14745K, committed 15104K, reserved 1048576K
}
Event: 14.898 GC heap after
{Heap after GC invocations=36 (full 0):
 garbage-first heap   total 296960K, used 175821K [0x0000000080000000, 0x0000000100000000)
  region size 1024K, 11 young (11264K), 11 survivors (11264K)
 Metaspace       used 106900K, committed 107648K, reserved 1146880K
  class space    used 14745K, committed 15104K, reserved 1048576K
}
Event: 15.002 GC heap before
{Heap before GC invocations=36 (full 0):
 garbage-first heap   total 296960K, used 239309K [0x0000000080000000, 0x0000000100000000)
  region size 1024K, 74 young (75776K), 11 survivors (11264K)
 Metaspace       used 108274K, committed 109056K, reserved 1146880K
  class space    used 14989K, committed 15360K, reserved 1048576K
}

