# JRE version: OpenJDK Runtime Environment (17.0.6) (build 17.0.6+0-b2043.56-10027231)
# Java VM: OpenJDK 64-Bit Server VM (17.0.6+0-b2043.56-10027231, mixed mode, tiered, compressed oops, compressed class ptrs, g1 gc, windows-amd64)
GC Precious Log:
 CPUs: 8 total, 8 available
 Memory: 14284M
 Large Page Support: Disabled
 NUMA Support: Disabled
 Compressed Oops: Enabled (32-bit)
 Heap Region Size: 1M
 Heap Min Capacity: 8M
 Heap Initial Capacity: 224M
 Heap Max Capacity: 2G
 Pre-touch: Disabled
 Parallel Workers: 8
 Concurrent Workers: 2
 Concurrent Refinement Workers: 8
 Periodic GC: Disabled
Heap:
 garbage-first heap   total 229376K, used 167219K [0x0000000080000000, 0x0000000100000000)
  region size 1024K, 41 young (41984K), 8 survivors (8192K)
 Metaspace       used 101915K, committed 102720K, reserved 1138688K
  class space    used 13949K, committed 14336K, reserved 1048576K
GC Heap History (20 events):
Event: 8.402 GC heap before
{Heap before GC invocations=28 (full 0):
 garbage-first heap   total 122880K, used 97550K [0x0000000080000000, 0x0000000100000000)
  region size 1024K, 37 young (37888K), 5 survivors (5120K)
 Metaspace       used 72263K, committed 72832K, reserved 1114112K
  class space    used 9570K, committed 9856K, reserved 1048576K
}
Event: 8.408 GC heap after
{Heap after GC invocations=29 (full 0):
 garbage-first heap   total 122880K, used 67415K [0x0000000080000000, 0x0000000100000000)
  region size 1024K, 5 young (5120K), 5 survivors (5120K)
 Metaspace       used 72263K, committed 72832K, reserved 1114112K
  class space    used 9570K, committed 9856K, reserved 1048576K
}
Event: 8.881 GC heap before
{Heap before GC invocations=30 (full 0):
 garbage-first heap   total 122880K, used 100183K [0x0000000080000000, 0x0000000100000000)
  region size 1024K, 36 young (36864K), 5 survivors (5120K)
 Metaspace       used 76152K, committed 76736K, reserved 1122304K
  class space    used 10282K, committed 10560K, reserved 1048576K
}
Event: 8.886 GC heap after
{Heap after GC invocations=31 (full 0):
 garbage-first heap   total 122880K, used 69489K [0x0000000080000000, 0x0000000100000000)
  region size 1024K, 5 young (5120K), 5 survivors (5120K)
 Metaspace       used 76152K, committed 76736K, reserved 1122304K
  class space    used 10282K, committed 10560K, reserved 1048576K
}
Event: 9.265 GC heap before
{Heap before GC invocations=31 (full 0):
 garbage-first heap   total 122880K, used 100209K [0x0000000080000000, 0x0000000100000000)
  region size 1024K, 35 young (35840K), 5 survivors (5120K)
 Metaspace       used 79766K, committed 80384K, reserved 1122304K
  class space    used 10775K, committed 11072K, reserved 1048576K
}
Event: 9.270 GC heap after
{Heap after GC invocations=32 (full 0):
 garbage-first heap   total 223232K, used 71528K [0x0000000080000000, 0x0000000100000000)
  region size 1024K, 4 young (4096K), 4 survivors (4096K)
 Metaspace       used 79766K, committed 80384K, reserved 1122304K
  class space    used 10775K, committed 11072K, reserved 1048576K
}
Event: 10.611 GC heap before
{Heap before GC invocations=33 (full 0):
 garbage-first heap   total 223232K, used 164712K [0x0000000080000000, 0x0000000100000000)
  region size 1024K, 95 young (97280K), 4 survivors (4096K)
 Metaspace       used 90303K, committed 90944K, reserved 1130496K
  class space    used 12290K, committed 12608K, reserved 1048576K
}
Event: 10.620 GC heap after
{Heap after GC invocations=34 (full 0):
 garbage-first heap   total 223232K, used 78333K [0x0000000080000000, 0x0000000100000000)
  region size 1024K, 11 young (11264K), 11 survivors (11264K)
 Metaspace       used 90303K, committed 90944K, reserved 1130496K
  class space    used 12290K, committed 12608K, reserved 1048576K
}
Event: 11.600 GC heap before
{Heap before GC invocations=34 (full 0):
 garbage-first heap   total 223232K, used 171517K [0x0000000080000000, 0x0000000100000000)
  region size 1024K, 102 young (104448K), 11 survivors (11264K)
 Metaspace       used 93569K, committed 94208K, reserved 1130496K
  class space    used 12818K, committed 13120K, reserved 1048576K
}
Event: 11.614 GC heap after
{Heap after GC invocations=35 (full 0):
 garbage-first heap   total 223232K, used 90357K [0x0000000080000000, 0x0000000100000000)
  region size 1024K, 13 young (13312K), 13 survivors (13312K)
 Metaspace       used 93569K, committed 94208K, reserved 1130496K
  class space    used 12818K, committed 13120K, reserved 1048576K
}
Event: 12.330 GC heap before
{Heap before GC invocations=35 (full 0):
 garbage-first heap   total 223232K, used 170229K [0x0000000080000000, 0x0000000100000000)
  region size 1024K, 91 young (93184K), 13 survivors (13312K)
 Metaspace       used 95615K, committed 96256K, reserved 1138688K
  class space    used 13046K, committed 13312K, reserved 1048576K
}
Event: 12.340 GC heap after
{Heap after GC invocations=36 (full 0):
 garbage-first heap   total 223232K, used 95976K [0x0000000080000000, 0x0000000100000000)
  region size 1024K, 6 young (6144K), 6 survivors (6144K)
 Metaspace       used 95615K, committed 96256K, reserved 1138688K
  class space    used 13046K, committed 13312K, reserved 1048576K
}
Event: 12.937 GC heap before
{Heap before GC invocations=36 (full 0):
 garbage-first heap   total 223232K, used 174824K [0x0000000080000000, 0x0000000100000000)
  region size 1024K, 84 young (86016K), 6 survivors (6144K)
 Metaspace       used 96395K, committed 97088K, reserved 1138688K
  class space    used 13144K, committed 13440K, reserved 1048576K
}
Event: 12.945 GC heap after
{Heap after GC invocations=37 (full 0):
 garbage-first heap   total 223232K, used 100700K [0x0000000080000000, 0x0000000100000000)
  region size 1024K, 11 young (11264K), 11 survivors (11264K)
 Metaspace       used 96395K, committed 97088K, reserved 1138688K
  class space    used 13144K, committed 13440K, reserved 1048576K
}
Event: 13.396 GC heap before
{Heap before GC invocations=37 (full 0):
 garbage-first heap   total 223232K, used 180572K [0x0000000080000000, 0x0000000100000000)
  region size 1024K, 88 young (90112K), 11 survivors (11264K)
 Metaspace       used 97867K, committed 98624K, reserved 1138688K
  class space    used 13359K, committed 13760K, reserved 1048576K
}
Event: 13.405 GC heap after
{Heap after GC invocations=38 (full 0):
 garbage-first heap   total 223232K, used 109421K [0x0000000080000000, 0x0000000100000000)
  region size 1024K, 11 young (11264K), 11 survivors (11264K)
 Metaspace       used 97867K, committed 98624K, reserved 1138688K
  class space    used 13359K, committed 13760K, reserved 1048576K
}
Event: 13.555 GC heap before
{Heap before GC invocations=38 (full 0):
 garbage-first heap   total 223232K, used 180077K [0x0000000080000000, 0x0000000100000000)
  region size 1024K, 81 young (82944K), 11 survivors (11264K)
 Metaspace       used 98760K, committed 99520K, reserved 1138688K
  class space    used 13489K, committed 13888K, reserved 1048576K
}
Event: 13.563 GC heap after
{Heap after GC invocations=39 (full 0):
 garbage-first heap   total 223232K, used 125776K [0x0000000080000000, 0x0000000100000000)
  region size 1024K, 11 young (11264K), 11 survivors (11264K)
 Metaspace       used 98760K, committed 99520K, reserved 1138688K
  class space    used 13489K, committed 13888K, reserved 1048576K
}
Event: 13.823 GC heap before
{Heap before GC invocations=39 (full 0):
 garbage-first heap   total 223232K, used 178000K [0x0000000080000000, 0x0000000100000000)
  region size 1024K, 63 young (64512K), 11 survivors (11264K)
 Metaspace       used 101615K, committed 102400K, reserved 1138688K
  class space    used 13909K, committed 14272K, reserved 1048576K
}
Event: 13.832 GC heap after
{Heap after GC invocations=40 (full 0):
 garbage-first heap   total 223232K, used 134451K [0x0000000080000000, 0x0000000100000000)
  region size 1024K, 8 young (8192K), 8 survivors (8192K)
 Metaspace       used 101615K, committed 102400K, reserved 1138688K
  class space    used 13909K, committed 14272K, reserved 1048576K
}

