# JRE version: OpenJDK Runtime Environment (17.0.6) (build 17.0.6+0-b2043.56-10027231)
# Java VM: OpenJDK 64-Bit Server VM (17.0.6+0-b2043.56-10027231, mixed mode, tiered, compressed oops, compressed class ptrs, g1 gc, windows-amd64)
GC Precious Log:
 CPUs: 8 total, 8 available
 Memory: 14284M
 Large Page Support: Disabled
 NUMA Support: Disabled
 Compressed Oops: Enabled (32-bit)
 Heap Region Size: 1M
 Heap Min Capacity: 8M
 Heap Initial Capacity: 224M
 Heap Max Capacity: 2G
 Pre-touch: Disabled
 Parallel Workers: 8
 Concurrent Workers: 2
 Concurrent Refinement Workers: 8
 Periodic GC: Disabled
Heap:
 garbage-first heap   total 229376K, used 103457K [0x0000000080000000, 0x0000000100000000)
  region size 1024K, 4 young (4096K), 4 survivors (4096K)
 Metaspace       used 97894K, committed 98624K, reserved 1138688K
  class space    used 13371K, committed 13696K, reserved 1048576K
GC Heap History (20 events):
Event: 10.790 GC heap after
{Heap after GC invocations=38 (full 0):
 garbage-first heap   total 138240K, used 71595K [0x0000000080000000, 0x0000000100000000)
  region size 1024K, 3 young (3072K), 3 survivors (3072K)
 Metaspace       used 79866K, committed 80512K, reserved 1122304K
  class space    used 10773K, committed 11072K, reserved 1048576K
}
Event: 11.245 GC heap before
{Heap before GC invocations=39 (full 0):
 garbage-first heap   total 138240K, used 109483K [0x0000000080000000, 0x0000000100000000)
  region size 1024K, 40 young (40960K), 3 survivors (3072K)
 Metaspace       used 83988K, committed 84544K, reserved 1130496K
  class space    used 11368K, committed 11648K, reserved 1048576K
}
Event: 11.250 GC heap after
{Heap after GC invocations=40 (full 0):
 garbage-first heap   total 138240K, used 74417K [0x0000000080000000, 0x0000000100000000)
  region size 1024K, 5 young (5120K), 5 survivors (5120K)
 Metaspace       used 83988K, committed 84544K, reserved 1130496K
  class space    used 11368K, committed 11648K, reserved 1048576K
}
Event: 11.783 GC heap before
{Heap before GC invocations=40 (full 0):
 garbage-first heap   total 138240K, used 111281K [0x0000000080000000, 0x0000000100000000)
  region size 1024K, 41 young (41984K), 5 survivors (5120K)
 Metaspace       used 88870K, committed 89472K, reserved 1130496K
  class space    used 12076K, committed 12352K, reserved 1048576K
}
Event: 11.790 GC heap after
{Heap after GC invocations=41 (full 0):
 garbage-first heap   total 138240K, used 77303K [0x0000000080000000, 0x0000000100000000)
  region size 1024K, 6 young (6144K), 6 survivors (6144K)
 Metaspace       used 88870K, committed 89472K, reserved 1130496K
  class space    used 12076K, committed 12352K, reserved 1048576K
}
Event: 12.210 GC heap before
{Heap before GC invocations=42 (full 0):
 garbage-first heap   total 138240K, used 112119K [0x0000000080000000, 0x0000000100000000)
  region size 1024K, 40 young (40960K), 6 survivors (6144K)
 Metaspace       used 91238K, committed 91840K, reserved 1130496K
  class space    used 12422K, committed 12736K, reserved 1048576K
}
Event: 12.216 GC heap after
{Heap after GC invocations=43 (full 0):
 garbage-first heap   total 138240K, used 80270K [0x0000000080000000, 0x0000000100000000)
  region size 1024K, 5 young (5120K), 5 survivors (5120K)
 Metaspace       used 91238K, committed 91840K, reserved 1130496K
  class space    used 12422K, committed 12736K, reserved 1048576K
}
Event: 12.223 GC heap before
{Heap before GC invocations=43 (full 0):
 garbage-first heap   total 138240K, used 81294K [0x0000000080000000, 0x0000000100000000)
  region size 1024K, 6 young (6144K), 5 survivors (5120K)
 Metaspace       used 91245K, committed 91840K, reserved 1130496K
  class space    used 12424K, committed 12736K, reserved 1048576K
}
Event: 12.227 GC heap after
{Heap after GC invocations=44 (full 0):
 garbage-first heap   total 201728K, used 80878K [0x0000000080000000, 0x0000000100000000)
  region size 1024K, 1 young (1024K), 1 survivors (1024K)
 Metaspace       used 91245K, committed 91840K, reserved 1130496K
  class space    used 12424K, committed 12736K, reserved 1048576K
}
Event: 13.065 GC heap before
{Heap before GC invocations=44 (full 0):
 garbage-first heap   total 201728K, used 159726K [0x0000000080000000, 0x0000000100000000)
  region size 1024K, 78 young (79872K), 1 survivors (1024K)
 Metaspace       used 93610K, committed 94272K, reserved 1130496K
  class space    used 12822K, committed 13120K, reserved 1048576K
}
Event: 13.073 GC heap after
{Heap after GC invocations=45 (full 0):
 garbage-first heap   total 201728K, used 91136K [0x0000000080000000, 0x0000000100000000)
  region size 1024K, 10 young (10240K), 10 survivors (10240K)
 Metaspace       used 93610K, committed 94272K, reserved 1130496K
  class space    used 12822K, committed 13120K, reserved 1048576K
}
Event: 13.539 GC heap before
{Heap before GC invocations=45 (full 0):
 garbage-first heap   total 201728K, used 151552K [0x0000000080000000, 0x0000000100000000)
  region size 1024K, 70 young (71680K), 10 survivors (10240K)
 Metaspace       used 94426K, committed 95104K, reserved 1130496K
  class space    used 12960K, committed 13248K, reserved 1048576K
}
Event: 13.548 GC heap after
{Heap after GC invocations=46 (full 0):
 garbage-first heap   total 201728K, used 95701K [0x0000000080000000, 0x0000000100000000)
  region size 1024K, 5 young (5120K), 5 survivors (5120K)
 Metaspace       used 94426K, committed 95104K, reserved 1130496K
  class space    used 12960K, committed 13248K, reserved 1048576K
}
Event: 13.673 GC heap before
{Heap before GC invocations=46 (full 0):
 garbage-first heap   total 201728K, used 110037K [0x0000000080000000, 0x0000000100000000)
  region size 1024K, 21 young (21504K), 5 survivors (5120K)
 Metaspace       used 94677K, committed 95360K, reserved 1138688K
  class space    used 12991K, committed 13312K, reserved 1048576K
}
Event: 13.677 GC heap after
{Heap after GC invocations=47 (full 0):
 garbage-first heap   total 201728K, used 96808K [0x0000000080000000, 0x0000000100000000)
  region size 1024K, 6 young (6144K), 6 survivors (6144K)
 Metaspace       used 94677K, committed 95360K, reserved 1138688K
  class space    used 12991K, committed 13312K, reserved 1048576K
}
Event: 14.214 GC heap before
{Heap before GC invocations=48 (full 0):
 garbage-first heap   total 201728K, used 161320K [0x0000000080000000, 0x0000000100000000)
  region size 1024K, 69 young (70656K), 6 survivors (6144K)
 Metaspace       used 96296K, committed 96960K, reserved 1138688K
  class space    used 13133K, committed 13440K, reserved 1048576K
}
Event: 14.221 GC heap after
{Heap after GC invocations=49 (full 0):
 garbage-first heap   total 201728K, used 100541K [0x0000000080000000, 0x0000000100000000)
  region size 1024K, 6 young (6144K), 6 survivors (6144K)
 Metaspace       used 96296K, committed 96960K, reserved 1138688K
  class space    used 13133K, committed 13440K, reserved 1048576K
}
Event: 14.236 GC heap before
{Heap before GC invocations=49 (full 0):
 garbage-first heap   total 201728K, used 102589K [0x0000000080000000, 0x0000000100000000)
  region size 1024K, 9 young (9216K), 6 survivors (6144K)
 Metaspace       used 96296K, committed 96960K, reserved 1138688K
  class space    used 13133K, committed 13440K, reserved 1048576K
}
Event: 14.240 GC heap after
{Heap after GC invocations=50 (full 0):
 garbage-first heap   total 201728K, used 100605K [0x0000000080000000, 0x0000000100000000)
  region size 1024K, 1 young (1024K), 1 survivors (1024K)
 Metaspace       used 96296K, committed 96960K, reserved 1138688K
  class space    used 13133K, committed 13440K, reserved 1048576K
}
Event: 14.677 GC heap before
{Heap before GC invocations=50 (full 0):
 garbage-first heap   total 201728K, used 163069K [0x0000000080000000, 0x0000000100000000)
  region size 1024K, 63 young (64512K), 1 survivors (1024K)
 Metaspace       used 97894K, committed 98624K, reserved 1138688K
  class space    used 13371K, committed 13696K, reserved 1048576K
}

