# JRE version: OpenJDK Runtime Environment (17.0.6) (build 17.0.6+0-b2043.56-10027231)
# Java VM: OpenJDK 64-Bit Server VM (17.0.6+0-b2043.56-10027231, mixed mode, tiered, compressed oops, compressed class ptrs, g1 gc, windows-amd64)
GC Precious Log:
 CPUs: 8 total, 8 available
 Memory: 14284M
 Large Page Support: Disabled
 NUMA Support: Disabled
 Compressed Oops: Enabled (32-bit)
 Heap Region Size: 1M
 Heap Min Capacity: 8M
 Heap Initial Capacity: 224M
 Heap Max Capacity: 2G
 Pre-touch: Disabled
 Parallel Workers: 8
 Concurrent Workers: 2
 Concurrent Refinement Workers: 8
 Periodic GC: Disabled
Heap:
 garbage-first heap   total 319488K, used 257809K [0x0000000080000000, 0x0000000100000000)
  region size 1024K, 11 young (11264K), 2 survivors (2048K)
 Metaspace       used 152709K, committed 154432K, reserved 1187840K
  class space    used 20683K, committed 21504K, reserved 1048576K
GC Heap History (20 events):
Event: 5276.324 GC heap before
{Heap before GC invocations=92 (full 1):
 garbage-first heap   total 319488K, used 272218K [0x0000000080000000, 0x0000000100000000)
  region size 1024K, 23 young (23552K), 3 survivors (3072K)
 Metaspace       used 150835K, committed 152384K, reserved 1187840K
  class space    used 20420K, committed 21184K, reserved 1048576K
}
Event: 5276.328 GC heap after
{Heap after GC invocations=93 (full 1):
 garbage-first heap   total 319488K, used 254384K [0x0000000080000000, 0x0000000100000000)
  region size 1024K, 2 young (2048K), 2 survivors (2048K)
 Metaspace       used 150835K, committed 152384K, reserved 1187840K
  class space    used 20420K, committed 21184K, reserved 1048576K
}
Event: 5276.601 GC heap before
{Heap before GC invocations=93 (full 1):
 garbage-first heap   total 319488K, used 273840K [0x0000000080000000, 0x0000000100000000)
  region size 1024K, 22 young (22528K), 2 survivors (2048K)
 Metaspace       used 152467K, committed 154048K, reserved 1187840K
  class space    used 20658K, committed 21440K, reserved 1048576K
}
Event: 5276.605 GC heap after
{Heap after GC invocations=94 (full 1):
 garbage-first heap   total 319488K, used 256806K [0x0000000080000000, 0x0000000100000000)
  region size 1024K, 3 young (3072K), 3 survivors (3072K)
 Metaspace       used 152467K, committed 154048K, reserved 1187840K
  class space    used 20658K, committed 21440K, reserved 1048576K
}
Event: 5613.536 GC heap before
{Heap before GC invocations=94 (full 1):
 garbage-first heap   total 319488K, used 273190K [0x0000000080000000, 0x0000000100000000)
  region size 1024K, 20 young (20480K), 3 survivors (3072K)
 Metaspace       used 152487K, committed 154112K, reserved 1187840K
  class space    used 20658K, committed 21440K, reserved 1048576K
}
Event: 5613.539 GC heap after
{Heap after GC invocations=95 (full 1):
 garbage-first heap   total 319488K, used 258008K [0x0000000080000000, 0x0000000100000000)
  region size 1024K, 2 young (2048K), 2 survivors (2048K)
 Metaspace       used 152487K, committed 154112K, reserved 1187840K
  class space    used 20658K, committed 21440K, reserved 1048576K
}
Event: 5613.800 GC heap before
{Heap before GC invocations=95 (full 1):
 garbage-first heap   total 319488K, used 274392K [0x0000000080000000, 0x0000000100000000)
  region size 1024K, 19 young (19456K), 2 survivors (2048K)
 Metaspace       used 152488K, committed 154112K, reserved 1187840K
  class space    used 20658K, committed 21440K, reserved 1048576K
}
Event: 5613.803 GC heap after
{Heap after GC invocations=96 (full 1):
 garbage-first heap   total 319488K, used 258866K [0x0000000080000000, 0x0000000100000000)
  region size 1024K, 3 young (3072K), 3 survivors (3072K)
 Metaspace       used 152488K, committed 154112K, reserved 1187840K
  class space    used 20658K, committed 21440K, reserved 1048576K
}
Event: 5614.377 GC heap before
{Heap before GC invocations=96 (full 1):
 garbage-first heap   total 319488K, used 275250K [0x0000000080000000, 0x0000000100000000)
  region size 1024K, 19 young (19456K), 3 survivors (3072K)
 Metaspace       used 152584K, committed 154112K, reserved 1187840K
  class space    used 20664K, committed 21440K, reserved 1048576K
}
Event: 5614.383 GC heap after
{Heap after GC invocations=97 (full 1):
 garbage-first heap   total 319488K, used 262124K [0x0000000080000000, 0x0000000100000000)
  region size 1024K, 3 young (3072K), 3 survivors (3072K)
 Metaspace       used 152584K, committed 154112K, reserved 1187840K
  class space    used 20664K, committed 21440K, reserved 1048576K
}
Event: 5614.624 GC heap before
{Heap before GC invocations=97 (full 1):
 garbage-first heap   total 319488K, used 274412K [0x0000000080000000, 0x0000000100000000)
  region size 1024K, 16 young (16384K), 3 survivors (3072K)
 Metaspace       used 152657K, committed 154176K, reserved 1187840K
  class space    used 20678K, committed 21440K, reserved 1048576K
}
Event: 5614.630 GC heap after
{Heap after GC invocations=98 (full 1):
 garbage-first heap   total 319488K, used 265299K [0x0000000080000000, 0x0000000100000000)
  region size 1024K, 2 young (2048K), 2 survivors (2048K)
 Metaspace       used 152657K, committed 154176K, reserved 1187840K
  class space    used 20678K, committed 21440K, reserved 1048576K
}
Event: 5614.752 GC heap before
{Heap before GC invocations=98 (full 1):
 garbage-first heap   total 319488K, used 278611K [0x0000000080000000, 0x0000000100000000)
  region size 1024K, 15 young (15360K), 2 survivors (2048K)
 Metaspace       used 152695K, committed 154304K, reserved 1187840K
  class space    used 20689K, committed 21504K, reserved 1048576K
}
Event: 5614.755 GC heap after
{Heap after GC invocations=99 (full 1):
 garbage-first heap   total 319488K, used 267405K [0x0000000080000000, 0x0000000100000000)
  region size 1024K, 2 young (2048K), 2 survivors (2048K)
 Metaspace       used 152695K, committed 154304K, reserved 1187840K
  class space    used 20689K, committed 21504K, reserved 1048576K
}
Event: 5614.816 GC heap before
{Heap before GC invocations=99 (full 1):
 garbage-first heap   total 319488K, used 282765K [0x0000000080000000, 0x0000000100000000)
  region size 1024K, 15 young (15360K), 2 survivors (2048K)
 Metaspace       used 152706K, committed 154304K, reserved 1187840K
  class space    used 20689K, committed 21504K, reserved 1048576K
}
Event: 5614.822 GC heap after
{Heap after GC invocations=100 (full 1):
 garbage-first heap   total 319488K, used 279125K [0x0000000080000000, 0x0000000100000000)
  region size 1024K, 2 young (2048K), 2 survivors (2048K)
 Metaspace       used 152706K, committed 154304K, reserved 1187840K
  class space    used 20689K, committed 21504K, reserved 1048576K
}
Event: 5615.004 GC heap before
{Heap before GC invocations=100 (full 1):
 garbage-first heap   total 319488K, used 292437K [0x0000000080000000, 0x0000000100000000)
  region size 1024K, 15 young (15360K), 2 survivors (2048K)
 Metaspace       used 152721K, committed 154304K, reserved 1187840K
  class space    used 20689K, committed 21504K, reserved 1048576K
}
Event: 5615.010 GC heap after
{Heap after GC invocations=101 (full 1):
 garbage-first heap   total 319488K, used 286168K [0x0000000080000000, 0x0000000100000000)
  region size 1024K, 2 young (2048K), 2 survivors (2048K)
 Metaspace       used 152721K, committed 154304K, reserved 1187840K
  class space    used 20689K, committed 21504K, reserved 1048576K
}
Event: 5615.163 GC heap before
{Heap before GC invocations=101 (full 1):
 garbage-first heap   total 319488K, used 298456K [0x0000000080000000, 0x0000000100000000)
  region size 1024K, 15 young (15360K), 2 survivors (2048K)
 Metaspace       used 152740K, committed 154432K, reserved 1187840K
  class space    used 20690K, committed 21504K, reserved 1048576K
}
Event: 5615.168 GC heap after
{Heap after GC invocations=102 (full 1):
 garbage-first heap   total 319488K, used 288529K [0x0000000080000000, 0x0000000100000000)
  region size 1024K, 2 young (2048K), 2 survivors (2048K)
 Metaspace       used 152740K, committed 154432K, reserved 1187840K
  class space    used 20690K, committed 21504K, reserved 1048576K
}

