# JRE version: OpenJDK Runtime Environment (17.0.6) (build 17.0.6+0-b2043.56-10027231)
# Java VM: OpenJDK 64-Bit Server VM (17.0.6+0-b2043.56-10027231, mixed mode, tiered, compressed oops, compressed class ptrs, g1 gc, windows-amd64)
GC Precious Log:
 CPUs: 8 total, 8 available
 Memory: 14284M
 Large Page Support: Disabled
 NUMA Support: Disabled
 Compressed Oops: Enabled (32-bit)
 Heap Region Size: 1M
 Heap Min Capacity: 8M
 Heap Initial Capacity: 224M
 Heap Max Capacity: 2G
 Pre-touch: Disabled
 Parallel Workers: 8
 Concurrent Workers: 2
 Concurrent Refinement Workers: 8
 Periodic GC: Disabled
Heap:
 garbage-first heap   total 321536K, used 174080K [0x0000000080000000, 0x0000000100000000)
  region size 1024K, 11 young (11264K), 11 survivors (11264K)
 Metaspace       used 134829K, committed 135744K, reserved 1171456K
  class space    used 18447K, committed 18880K, reserved 1048576K
GC Heap History (20 events):
Event: 24.775 GC heap after
{Heap after GC invocations=63 (full 0):
 garbage-first heap   total 254976K, used 178449K [0x0000000080000000, 0x0000000100000000)
  region size 1024K, 6 young (6144K), 6 survivors (6144K)
 Metaspace       used 128232K, committed 129216K, reserved 1163264K
  class space    used 17815K, committed 18304K, reserved 1048576K
}
Event: 25.322 GC heap before
{Heap before GC invocations=63 (full 0):
 garbage-first heap   total 254976K, used 226577K [0x0000000080000000, 0x0000000100000000)
  region size 1024K, 40 young (40960K), 6 survivors (6144K)
 Metaspace       used 130169K, committed 131072K, reserved 1163264K
  class space    used 18040K, committed 18496K, reserved 1048576K
}
Event: 25.325 GC heap after
{Heap after GC invocations=64 (full 0):
 garbage-first heap   total 254976K, used 184745K [0x0000000080000000, 0x0000000100000000)
  region size 1024K, 2 young (2048K), 2 survivors (2048K)
 Metaspace       used 130169K, committed 131072K, reserved 1163264K
  class space    used 18040K, committed 18496K, reserved 1048576K
}
Event: 146.882 GC heap before
{Heap before GC invocations=64 (full 0):
 garbage-first heap   total 254976K, used 228777K [0x0000000080000000, 0x0000000100000000)
  region size 1024K, 34 young (34816K), 2 survivors (2048K)
 Metaspace       used 131334K, committed 132224K, reserved 1163264K
  class space    used 18204K, committed 18624K, reserved 1048576K
}
Event: 146.888 GC heap after
{Heap after GC invocations=65 (full 0):
 garbage-first heap   total 254976K, used 176429K [0x0000000080000000, 0x0000000100000000)
  region size 1024K, 4 young (4096K), 4 survivors (4096K)
 Metaspace       used 131334K, committed 132224K, reserved 1163264K
  class space    used 18204K, committed 18624K, reserved 1048576K
}
Event: 147.691 GC heap before
{Heap before GC invocations=65 (full 0):
 garbage-first heap   total 254976K, used 216365K [0x0000000080000000, 0x0000000100000000)
  region size 1024K, 43 young (44032K), 4 survivors (4096K)
 Metaspace       used 131743K, committed 132736K, reserved 1163264K
  class space    used 18218K, committed 18688K, reserved 1048576K
}
Event: 147.700 GC heap after
{Heap after GC invocations=66 (full 0):
 garbage-first heap   total 254976K, used 182515K [0x0000000080000000, 0x0000000100000000)
  region size 1024K, 6 young (6144K), 6 survivors (6144K)
 Metaspace       used 131743K, committed 132736K, reserved 1163264K
  class space    used 18218K, committed 18688K, reserved 1048576K
}
Event: 147.941 GC heap before
{Heap before GC invocations=66 (full 0):
 garbage-first heap   total 254976K, used 217331K [0x0000000080000000, 0x0000000100000000)
  region size 1024K, 38 young (38912K), 6 survivors (6144K)
 Metaspace       used 131801K, committed 132736K, reserved 1163264K
  class space    used 18219K, committed 18688K, reserved 1048576K
}
Event: 147.955 GC heap after
{Heap after GC invocations=67 (full 0):
 garbage-first heap   total 254976K, used 201382K [0x0000000080000000, 0x0000000100000000)
  region size 1024K, 5 young (5120K), 5 survivors (5120K)
 Metaspace       used 131801K, committed 132736K, reserved 1163264K
  class space    used 18219K, committed 18688K, reserved 1048576K
}
Event: 148.066 GC heap before
{Heap before GC invocations=67 (full 0):
 garbage-first heap   total 254976K, used 212646K [0x0000000080000000, 0x0000000100000000)
  region size 1024K, 17 young (17408K), 5 survivors (5120K)
 Metaspace       used 131826K, committed 132800K, reserved 1163264K
  class space    used 18219K, committed 18688K, reserved 1048576K
}
Event: 148.070 GC heap after
{Heap after GC invocations=68 (full 0):
 garbage-first heap   total 254976K, used 203515K [0x0000000080000000, 0x0000000100000000)
  region size 1024K, 1 young (1024K), 1 survivors (1024K)
 Metaspace       used 131826K, committed 132800K, reserved 1163264K
  class space    used 18219K, committed 18688K, reserved 1048576K
}
Event: 148.317 GC heap before
{Heap before GC invocations=68 (full 0):
 garbage-first heap   total 321536K, used 203515K [0x0000000080000000, 0x0000000100000000)
  region size 1024K, 13 young (13312K), 1 survivors (1024K)
 Metaspace       used 131846K, committed 132864K, reserved 1163264K
  class space    used 18203K, committed 18688K, reserved 1048576K
}
Event: 148.322 GC heap after
{Heap after GC invocations=69 (full 0):
 garbage-first heap   total 321536K, used 189440K [0x0000000080000000, 0x0000000100000000)
  region size 1024K, 2 young (2048K), 2 survivors (2048K)
 Metaspace       used 131846K, committed 132864K, reserved 1163264K
  class space    used 18203K, committed 18688K, reserved 1048576K
}
Event: 148.919 GC heap before
{Heap before GC invocations=70 (full 0):
 garbage-first heap   total 321536K, used 279552K [0x0000000080000000, 0x0000000100000000)
  region size 1024K, 63 young (64512K), 2 survivors (2048K)
 Metaspace       used 132315K, committed 133248K, reserved 1171456K
  class space    used 18233K, committed 18688K, reserved 1048576K
}
Event: 148.926 GC heap after
{Heap after GC invocations=71 (full 0):
 garbage-first heap   total 321536K, used 193159K [0x0000000080000000, 0x0000000100000000)
  region size 1024K, 8 young (8192K), 8 survivors (8192K)
 Metaspace       used 132315K, committed 133248K, reserved 1171456K
  class space    used 18233K, committed 18688K, reserved 1048576K
}
Event: 148.981 GC heap before
{Heap before GC invocations=71 (full 0):
 garbage-first heap   total 321536K, used 200327K [0x0000000080000000, 0x0000000100000000)
  region size 1024K, 15 young (15360K), 8 survivors (8192K)
 Metaspace       used 132427K, committed 133312K, reserved 1171456K
  class space    used 18242K, committed 18688K, reserved 1048576K
}
Event: 148.992 GC heap after
{Heap after GC invocations=72 (full 0):
 garbage-first heap   total 321536K, used 165710K [0x0000000080000000, 0x0000000100000000)
  region size 1024K, 2 young (2048K), 2 survivors (2048K)
 Metaspace       used 132427K, committed 133312K, reserved 1171456K
  class space    used 18242K, committed 18688K, reserved 1048576K
}
Event: 149.122 GC heap before
{Heap before GC invocations=72 (full 0):
 garbage-first heap   total 321536K, used 179022K [0x0000000080000000, 0x0000000100000000)
  region size 1024K, 15 young (15360K), 2 survivors (2048K)
 Metaspace       used 132492K, committed 133376K, reserved 1171456K
  class space    used 18248K, committed 18688K, reserved 1048576K
}
Event: 149.129 GC heap after
{Heap after GC invocations=73 (full 0):
 garbage-first heap   total 321536K, used 163446K [0x0000000080000000, 0x0000000100000000)
  region size 1024K, 2 young (2048K), 2 survivors (2048K)
 Metaspace       used 132492K, committed 133376K, reserved 1171456K
  class space    used 18248K, committed 18688K, reserved 1048576K
}
Event: 150.826 GC heap before
{Heap before GC invocations=73 (full 0):
 garbage-first heap   total 321536K, used 248438K [0x0000000080000000, 0x0000000100000000)
  region size 1024K, 86 young (88064K), 2 survivors (2048K)
 Metaspace       used 134829K, committed 135744K, reserved 1171456K
  class space    used 18447K, committed 18880K, reserved 1048576K
}

